<?xml version="1.0" encoding="UTF-8"?>
<!-- Generated by org.testng.reporters.JUnitReportReporter -->
<testsuite hostname="DESKTOP-G0P5P02" failures="0" tests="1" name="john.NewTest" time="0.024" errors="0" timestamp="2023-10-30T11:13:32 IST" skipped="0">
  <testcase classname="john.NewTest" name="f" time="0.024"/>
</testsuite> <!-- john.NewTest -->
